<?xml version="1.0" encoding="UTF-8"?>
<trace:TraceModel xmi:version="2.0"
    xmlns:xmi="http://www.omg.org/XMI"
    xmlns:trace="http://www.eclipse.org/gmf/2006/Trace">
  <nodeTraces
      visualID="2001"
      queryText="(let _eClass_:ecore::EClass = modelFacet.metaClass.ecoreClass in _eClass_.ePackage.nsURI = 'http://docs.oasis-open.org/wsbpel/2.0/process/executable' and _eClass_.name = 'Sequence') and (let _containmentMF_:ecore::EStructuralFeature = modelFacet.containmentMetaFeature.ecoreFeature in (let _eClass_:ecore::EClass = _containmentMF_.eContainingClass in _eClass_.ePackage.nsURI = 'http://docs.oasis-open.org/wsbpel/2.0/process/executable' and _eClass_.name = 'Process') and _containmentMF_.name = 'activity')"/>
  <childNodeTraces
      visualID="3001"
      queryText="(let _eClass_:ecore::EClass = modelFacet.metaClass.ecoreClass in _eClass_.ePackage.nsURI = 'http://docs.oasis-open.org/wsbpel/2.0/process/executable' and _eClass_.name = 'Receive') and (let _containmentMF_:ecore::EStructuralFeature = modelFacet.containmentMetaFeature.ecoreFeature in (let _eClass_:ecore::EClass = _containmentMF_.eContainingClass in _eClass_.ePackage.nsURI = 'http://docs.oasis-open.org/wsbpel/2.0/process/executable' and _eClass_.name = 'Sequence') and _containmentMF_.name = 'activities')"/>
  <childNodeTraces
      visualID="3002"
      queryText="(let _eClass_:ecore::EClass = modelFacet.metaClass.ecoreClass in _eClass_.ePackage.nsURI = 'http://docs.oasis-open.org/wsbpel/2.0/process/executable' and _eClass_.name = 'If') and (let _containmentMF_:ecore::EStructuralFeature = modelFacet.containmentMetaFeature.ecoreFeature in (let _eClass_:ecore::EClass = _containmentMF_.eContainingClass in _eClass_.ePackage.nsURI = 'http://docs.oasis-open.org/wsbpel/2.0/process/executable' and _eClass_.name = 'Sequence') and _containmentMF_.name = 'activities')">
    <compartmentTraces
        visualID="7001"
        queryText="true"/>
    <compartmentTraces
        visualID="7002"
        queryText="true"/>
  </childNodeTraces>
  <childNodeTraces
      visualID="3003"
      queryText="(let _eClass_:ecore::EClass = modelFacet.metaClass.ecoreClass in _eClass_.ePackage.nsURI = 'http://docs.oasis-open.org/wsbpel/2.0/process/executable' and _eClass_.name = 'Sequence') and (let _containmentMF_:ecore::EStructuralFeature = modelFacet.containmentMetaFeature.ecoreFeature in (let _eClass_:ecore::EClass = _containmentMF_.eContainingClass in _eClass_.ePackage.nsURI = 'http://docs.oasis-open.org/wsbpel/2.0/process/executable' and _eClass_.name = 'If') and _containmentMF_.name = 'activity')"/>
  <childNodeTraces
      visualID="3004"
      queryText="(let _eClass_:ecore::EClass = modelFacet.metaClass.ecoreClass in _eClass_.ePackage.nsURI = 'http://docs.oasis-open.org/wsbpel/2.0/process/executable' and _eClass_.name = 'Sequence') and (let _containmentMF_:ecore::EStructuralFeature = modelFacet.containmentMetaFeature.ecoreFeature in (let _eClass_:ecore::EClass = _containmentMF_.eContainingClass in _eClass_.ePackage.nsURI = 'http://docs.oasis-open.org/wsbpel/2.0/process/executable' and _eClass_.name = 'Sequence') and _containmentMF_.name = 'activities')"/>
</trace:TraceModel>
